<?xml version="1.0" encoding="UTF-8"?>
<!-- Generated by org.testng.reporters.JUnitXMLReporter -->
<testsuite ignored="0" hostname="LAPTOP-9U1KJMDO" failures="0" tests="23" name="Test" time="140.057" errors="0" timestamp="2024-12-23T20:12:17 IST">
  <testcase classname="com.tests.LoginTest" name="Verify_loginButton_Displaying" time="3.099"/>
  <testcase classname="com.tests.LoginTest" name="UsernameField_Displaying" time="3.06"/>
  <testcase classname="com.tests.LoginTest" name="PasswordField_Displaying" time="3.051"/>
  <testcase classname="com.tests.LoginTest" name="login_With_Valid_Credentials" time="2.202"/>
  <testcase classname="com.tests.LoginTest" name="login_With_Invalid_Credentials" time="1.702"/>
  <testcase classname="com.tests.LoginTest" name="Login_With_Invalid_UserName_And_Valid_Password" time="1.691"/>
  <testcase classname="com.tests.LoginTest" name="Login_With_ValidUserName_And_Invalid_Password" time="1.673"/>
  <testcase classname="com.tests.LoginTest" name="Press_login_Button_Without_Enter_Credentials_Alert" time="0.247"/>
  <testcase classname="com.tests.LoginTest" name="Press_login_Button_Without_UserName_With_Password_Alert" time="0.583"/>
  <testcase classname="com.tests.LoginTest" name="Press_login_Button_With_UserName_Without_Password_Alert" time="0.552"/>
  <testcase classname="com.tests.LoginTest" name="Press_login_Button_With_Invalid_UserName_Invalid_Password_Alert" time="0.792"/>
  <testcase classname="com.tests.LoginTest" name="Verify_LogOut_Button" time="7.813"/>
  <testcase classname="com.tests.LoginTest" name="login_With_Excel_Credentials" time="31.609"/>
  <testcase classname="com.tests.HomeTest" name="Verify_Products_Title" time="2.87"/>
  <testcase classname="com.tests.HomeTest" name="Verify_Sort_Option" time="2.183"/>
  <testcase classname="com.tests.HomeTest" name="Veryfy_SideMenu_open" time="3.376"/>
  <testcase classname="com.tests.HomeTest" name="Veryfy_SideMenu_close" time="5.881"/>
  <testcase classname="com.tests.HomeTest" name="Verify_Inventory_Items_Container" time="4.621"/>
  <testcase classname="com.tests.HomeTest" name="Verify_Items_Price_Sort_High_To_Low" time="1.426"/>
  <testcase classname="com.tests.HomeTest" name="Verify_Items_Price_Sort_Low_To_High" time="1.896"/>
  <testcase classname="com.tests.HomeTest" name="Verify_Items_Name_Order_Acending" time="1.408"/>
  <testcase classname="com.tests.HomeTest" name="Verify_Items_Name_Order_Decending" time="1.88"/>
  <testcase classname="com.tests.HomeTest" name="Verify_cart_Icon_Present_or_Not" time="5.247"/>
</testsuite> <!-- Test -->
