<?xml version="1.0" encoding="UTF-8"?>
<!-- Generated by org.testng.reporters.JUnitXMLReporter -->
<testsuite ignored="0" hostname="LAPTOP-9U1KJMDO" failures="0" tests="23" name="Test1" time="141.56" errors="0" timestamp="2024-12-23T20:59:30 IST">
  <testcase classname="com.tests.HomeTest" name="Verify_Products_Title" time="2.845"/>
  <testcase classname="com.tests.LoginTest" name="Verify_loginButton_Displaying" time="3.067"/>
  <testcase classname="com.tests.LoginTest" name="UsernameField_Displaying" time="3.066"/>
  <testcase classname="com.tests.HomeTest" name="Verify_Sort_Option" time="2.714"/>
  <testcase classname="com.tests.LoginTest" name="PasswordField_Displaying" time="3.059"/>
  <testcase classname="com.tests.HomeTest" name="Veryfy_SideMenu_open" time="3.285"/>
  <testcase classname="com.tests.HomeTest" name="Veryfy_SideMenu_close" time="5.495"/>
  <testcase classname="com.tests.LoginTest" name="login_With_Valid_Credentials" time="2.472"/>
  <testcase classname="com.tests.HomeTest" name="Verify_Inventory_Items_Container" time="4.042"/>
  <testcase classname="com.tests.LoginTest" name="login_With_Invalid_Credentials" time="1.794"/>
  <testcase classname="com.tests.LoginTest" name="Login_With_Invalid_UserName_And_Valid_Password" time="1.748"/>
  <testcase classname="com.tests.HomeTest" name="Verify_Items_Price_Sort_High_To_Low" time="1.417"/>
  <testcase classname="com.tests.LoginTest" name="Login_With_ValidUserName_And_Invalid_Password" time="1.69"/>
  <testcase classname="com.tests.HomeTest" name="Verify_Items_Price_Sort_Low_To_High" time="1.611"/>
  <testcase classname="com.tests.LoginTest" name="Press_login_Button_Without_Enter_Credentials_Alert" time="0.224"/>
  <testcase classname="com.tests.HomeTest" name="Verify_Items_Name_Order_Acending" time="1.407"/>
  <testcase classname="com.tests.LoginTest" name="Press_login_Button_Without_UserName_With_Password_Alert" time="0.5"/>
  <testcase classname="com.tests.HomeTest" name="Verify_Items_Name_Order_Decending" time="1.52"/>
  <testcase classname="com.tests.LoginTest" name="Press_login_Button_With_UserName_Without_Password_Alert" time="0.527"/>
  <testcase classname="com.tests.HomeTest" name="Verify_cart_Icon_Present_or_Not" time="5.382"/>
  <testcase classname="com.tests.LoginTest" name="Press_login_Button_With_Invalid_UserName_Invalid_Password_Alert" time="0.756"/>
  <testcase classname="com.tests.LoginTest" name="Verify_LogOut_Button" time="7.876"/>
  <testcase classname="com.tests.LoginTest" name="login_With_Excel_Credentials" time="30.411"/>
</testsuite> <!-- Test1 -->
