<?xml version="1.0" encoding="UTF-8"?>
<testng-results ignored="0" total="23" passed="23" failed="0" skipped="0">
  <reporter-output>
  </reporter-output>
  <suite started-at="2024-12-23T20:57:08 IST" name="Suite" finished-at="2024-12-23T20:59:30 IST" duration-ms="141560">
    <groups>
    </groups>
    <test started-at="2024-12-23T20:57:08 IST" name="Test1" finished-at="2024-12-23T20:59:30 IST" duration-ms="141560">
      <class name="com.tests.HomeTest">
        <test-method is-config="true" signature="setUp(java.lang.String)[pri:0, instance:com.tests.HomeTest@1040be71]" started-at="2024-12-23T20:57:08 IST" name="setUp" finished-at="2024-12-23T20:57:12 IST" duration-ms="4026" status="PASS">
          <params>
            <param index="0">
              <value>
                <![CDATA[chrome]]>
              </value>
            </param>
          </params>
          <reporter-output>
          </reporter-output>
        </test-method> <!-- setUp -->
        <test-method signature="Verify_Products_Title()[pri:0, instance:com.tests.HomeTest@1040be71]" started-at="2024-12-23T20:57:12 IST" name="Verify_Products_Title" finished-at="2024-12-23T20:57:15 IST" duration-ms="2845" status="PASS">
          <reporter-output>
          </reporter-output>
        </test-method> <!-- Verify_Products_Title -->
        <test-method is-config="true" signature="afterMethod()[pri:0, instance:com.tests.HomeTest@1040be71]" started-at="2024-12-23T20:57:15 IST" name="afterMethod" finished-at="2024-12-23T20:57:15 IST" duration-ms="134" status="PASS">
          <reporter-output>
          </reporter-output>
        </test-method> <!-- afterMethod -->
        <test-method is-config="true" signature="setUp(java.lang.String)[pri:0, instance:com.tests.HomeTest@1040be71]" started-at="2024-12-23T20:57:26 IST" name="setUp" finished-at="2024-12-23T20:57:28 IST" duration-ms="2013" status="PASS">
          <params>
            <param index="0">
              <value>
                <![CDATA[chrome]]>
              </value>
            </param>
          </params>
          <reporter-output>
          </reporter-output>
        </test-method> <!-- setUp -->
        <test-method signature="Verify_Sort_Option()[pri:1, instance:com.tests.HomeTest@1040be71]" started-at="2024-12-23T20:57:28 IST" name="Verify_Sort_Option" finished-at="2024-12-23T20:57:30 IST" duration-ms="2714" status="PASS">
          <reporter-output>
          </reporter-output>
        </test-method> <!-- Verify_Sort_Option -->
        <test-method is-config="true" signature="afterMethod()[pri:0, instance:com.tests.HomeTest@1040be71]" started-at="2024-12-23T20:57:30 IST" name="afterMethod" finished-at="2024-12-23T20:57:31 IST" duration-ms="134" status="PASS">
          <reporter-output>
          </reporter-output>
        </test-method> <!-- afterMethod -->
        <test-method is-config="true" signature="setUp(java.lang.String)[pri:0, instance:com.tests.HomeTest@1040be71]" started-at="2024-12-23T20:57:36 IST" name="setUp" finished-at="2024-12-23T20:57:38 IST" duration-ms="2072" status="PASS">
          <params>
            <param index="0">
              <value>
                <![CDATA[chrome]]>
              </value>
            </param>
          </params>
          <reporter-output>
          </reporter-output>
        </test-method> <!-- setUp -->
        <test-method signature="Veryfy_SideMenu_open()[pri:2, instance:com.tests.HomeTest@1040be71]" started-at="2024-12-23T20:57:38 IST" name="Veryfy_SideMenu_open" finished-at="2024-12-23T20:57:41 IST" duration-ms="3285" status="PASS">
          <reporter-output>
          </reporter-output>
        </test-method> <!-- Veryfy_SideMenu_open -->
        <test-method is-config="true" signature="afterMethod()[pri:0, instance:com.tests.HomeTest@1040be71]" started-at="2024-12-23T20:57:41 IST" name="afterMethod" finished-at="2024-12-23T20:57:41 IST" duration-ms="140" status="PASS">
          <reporter-output>
          </reporter-output>
        </test-method> <!-- afterMethod -->
        <test-method is-config="true" signature="setUp(java.lang.String)[pri:0, instance:com.tests.HomeTest@1040be71]" started-at="2024-12-23T20:57:41 IST" name="setUp" finished-at="2024-12-23T20:57:46 IST" duration-ms="4197" status="PASS">
          <params>
            <param index="0">
              <value>
                <![CDATA[chrome]]>
              </value>
            </param>
          </params>
          <reporter-output>
          </reporter-output>
        </test-method> <!-- setUp -->
        <test-method signature="Veryfy_SideMenu_close()[pri:3, instance:com.tests.HomeTest@1040be71]" started-at="2024-12-23T20:57:46 IST" name="Veryfy_SideMenu_close" finished-at="2024-12-23T20:57:51 IST" duration-ms="5495" status="PASS">
          <reporter-output>
          </reporter-output>
        </test-method> <!-- Veryfy_SideMenu_close -->
        <test-method is-config="true" signature="afterMethod()[pri:0, instance:com.tests.HomeTest@1040be71]" started-at="2024-12-23T20:57:51 IST" name="afterMethod" finished-at="2024-12-23T20:57:51 IST" duration-ms="155" status="PASS">
          <reporter-output>
          </reporter-output>
        </test-method> <!-- afterMethod -->
        <test-method is-config="true" signature="setUp(java.lang.String)[pri:0, instance:com.tests.HomeTest@1040be71]" started-at="2024-12-23T20:57:56 IST" name="setUp" finished-at="2024-12-23T20:57:58 IST" duration-ms="1974" status="PASS">
          <params>
            <param index="0">
              <value>
                <![CDATA[chrome]]>
              </value>
            </param>
          </params>
          <reporter-output>
          </reporter-output>
        </test-method> <!-- setUp -->
        <test-method signature="Verify_Inventory_Items_Container()[pri:4, instance:com.tests.HomeTest@1040be71]" started-at="2024-12-23T20:57:58 IST" name="Verify_Inventory_Items_Container" finished-at="2024-12-23T20:58:02 IST" duration-ms="4042" status="PASS">
          <reporter-output>
          </reporter-output>
        </test-method> <!-- Verify_Inventory_Items_Container -->
        <test-method is-config="true" signature="afterMethod()[pri:0, instance:com.tests.HomeTest@1040be71]" started-at="2024-12-23T20:58:02 IST" name="afterMethod" finished-at="2024-12-23T20:58:02 IST" duration-ms="125" status="PASS">
          <reporter-output>
          </reporter-output>
        </test-method> <!-- afterMethod -->
        <test-method is-config="true" signature="setUp(java.lang.String)[pri:0, instance:com.tests.HomeTest@1040be71]" started-at="2024-12-23T20:58:10 IST" name="setUp" finished-at="2024-12-23T20:58:12 IST" duration-ms="2310" status="PASS">
          <params>
            <param index="0">
              <value>
                <![CDATA[chrome]]>
              </value>
            </param>
          </params>
          <reporter-output>
          </reporter-output>
        </test-method> <!-- setUp -->
        <test-method signature="Verify_Items_Price_Sort_High_To_Low()[pri:5, instance:com.tests.HomeTest@1040be71]" started-at="2024-12-23T20:58:12 IST" name="Verify_Items_Price_Sort_High_To_Low" finished-at="2024-12-23T20:58:14 IST" duration-ms="1417" status="PASS">
          <reporter-output>
          </reporter-output>
        </test-method> <!-- Verify_Items_Price_Sort_High_To_Low -->
        <test-method is-config="true" signature="afterMethod()[pri:0, instance:com.tests.HomeTest@1040be71]" started-at="2024-12-23T20:58:14 IST" name="afterMethod" finished-at="2024-12-23T20:58:14 IST" duration-ms="137" status="PASS">
          <reporter-output>
          </reporter-output>
        </test-method> <!-- afterMethod -->
        <test-method is-config="true" signature="setUp(java.lang.String)[pri:0, instance:com.tests.HomeTest@1040be71]" started-at="2024-12-23T20:58:17 IST" name="setUp" finished-at="2024-12-23T20:58:19 IST" duration-ms="1965" status="PASS">
          <params>
            <param index="0">
              <value>
                <![CDATA[chrome]]>
              </value>
            </param>
          </params>
          <reporter-output>
          </reporter-output>
        </test-method> <!-- setUp -->
        <test-method signature="Verify_Items_Price_Sort_Low_To_High()[pri:6, instance:com.tests.HomeTest@1040be71]" started-at="2024-12-23T20:58:19 IST" name="Verify_Items_Price_Sort_Low_To_High" finished-at="2024-12-23T20:58:21 IST" duration-ms="1611" status="PASS">
          <reporter-output>
          </reporter-output>
        </test-method> <!-- Verify_Items_Price_Sort_Low_To_High -->
        <test-method is-config="true" signature="afterMethod()[pri:0, instance:com.tests.HomeTest@1040be71]" started-at="2024-12-23T20:58:21 IST" name="afterMethod" finished-at="2024-12-23T20:58:21 IST" duration-ms="145" status="PASS">
          <reporter-output>
          </reporter-output>
        </test-method> <!-- afterMethod -->
        <test-method is-config="true" signature="setUp(java.lang.String)[pri:0, instance:com.tests.HomeTest@1040be71]" started-at="2024-12-23T20:58:24 IST" name="setUp" finished-at="2024-12-23T20:58:26 IST" duration-ms="1969" status="PASS">
          <params>
            <param index="0">
              <value>
                <![CDATA[chrome]]>
              </value>
            </param>
          </params>
          <reporter-output>
          </reporter-output>
        </test-method> <!-- setUp -->
        <test-method signature="Verify_Items_Name_Order_Acending()[pri:7, instance:com.tests.HomeTest@1040be71]" started-at="2024-12-23T20:58:26 IST" name="Verify_Items_Name_Order_Acending" finished-at="2024-12-23T20:58:27 IST" duration-ms="1407" status="PASS">
          <reporter-output>
          </reporter-output>
        </test-method> <!-- Verify_Items_Name_Order_Acending -->
        <test-method is-config="true" signature="afterMethod()[pri:0, instance:com.tests.HomeTest@1040be71]" started-at="2024-12-23T20:58:27 IST" name="afterMethod" finished-at="2024-12-23T20:58:27 IST" duration-ms="125" status="PASS">
          <reporter-output>
          </reporter-output>
        </test-method> <!-- afterMethod -->
        <test-method is-config="true" signature="setUp(java.lang.String)[pri:0, instance:com.tests.HomeTest@1040be71]" started-at="2024-12-23T20:58:30 IST" name="setUp" finished-at="2024-12-23T20:58:32 IST" duration-ms="2072" status="PASS">
          <params>
            <param index="0">
              <value>
                <![CDATA[chrome]]>
              </value>
            </param>
          </params>
          <reporter-output>
          </reporter-output>
        </test-method> <!-- setUp -->
        <test-method signature="Verify_Items_Name_Order_Decending()[pri:8, instance:com.tests.HomeTest@1040be71]" started-at="2024-12-23T20:58:32 IST" name="Verify_Items_Name_Order_Decending" finished-at="2024-12-23T20:58:33 IST" duration-ms="1520" status="PASS">
          <reporter-output>
          </reporter-output>
        </test-method> <!-- Verify_Items_Name_Order_Decending -->
        <test-method is-config="true" signature="afterMethod()[pri:0, instance:com.tests.HomeTest@1040be71]" started-at="2024-12-23T20:58:33 IST" name="afterMethod" finished-at="2024-12-23T20:58:34 IST" duration-ms="110" status="PASS">
          <reporter-output>
          </reporter-output>
        </test-method> <!-- afterMethod -->
        <test-method is-config="true" signature="setUp(java.lang.String)[pri:0, instance:com.tests.HomeTest@1040be71]" started-at="2024-12-23T20:58:36 IST" name="setUp" finished-at="2024-12-23T20:58:38 IST" duration-ms="2048" status="PASS">
          <params>
            <param index="0">
              <value>
                <![CDATA[chrome]]>
              </value>
            </param>
          </params>
          <reporter-output>
          </reporter-output>
        </test-method> <!-- setUp -->
        <test-method signature="Verify_cart_Icon_Present_or_Not()[pri:9, instance:com.tests.HomeTest@1040be71]" started-at="2024-12-23T20:58:38 IST" name="Verify_cart_Icon_Present_or_Not" finished-at="2024-12-23T20:58:44 IST" duration-ms="5382" status="PASS">
          <reporter-output>
          </reporter-output>
        </test-method> <!-- Verify_cart_Icon_Present_or_Not -->
        <test-method is-config="true" signature="afterMethod()[pri:0, instance:com.tests.HomeTest@1040be71]" started-at="2024-12-23T20:58:44 IST" name="afterMethod" finished-at="2024-12-23T20:58:44 IST" duration-ms="144" status="PASS">
          <reporter-output>
          </reporter-output>
        </test-method> <!-- afterMethod -->
      </class> <!-- com.tests.HomeTest -->
      <class name="com.tests.LoginTest">
        <test-method is-config="true" signature="setUp(java.lang.String)[pri:0, instance:com.tests.LoginTest@5f049ea1]" started-at="2024-12-23T20:57:15 IST" name="setUp" finished-at="2024-12-23T20:57:17 IST" duration-ms="2108" status="PASS">
          <params>
            <param index="0">
              <value>
                <![CDATA[chrome]]>
              </value>
            </param>
          </params>
          <reporter-output>
          </reporter-output>
        </test-method> <!-- setUp -->
        <test-method signature="Verify_loginButton_Displaying()[pri:0, instance:com.tests.LoginTest@5f049ea1]" started-at="2024-12-23T20:57:17 IST" name="Verify_loginButton_Displaying" finished-at="2024-12-23T20:57:20 IST" duration-ms="3067" status="PASS">
          <reporter-output>
          </reporter-output>
        </test-method> <!-- Verify_loginButton_Displaying -->
        <test-method is-config="true" signature="afterMethod()[pri:0, instance:com.tests.LoginTest@5f049ea1]" started-at="2024-12-23T20:57:20 IST" name="afterMethod" finished-at="2024-12-23T20:57:20 IST" duration-ms="113" status="PASS">
          <reporter-output>
          </reporter-output>
        </test-method> <!-- afterMethod -->
        <test-method is-config="true" signature="setUp(java.lang.String)[pri:0, instance:com.tests.LoginTest@5f049ea1]" started-at="2024-12-23T20:57:20 IST" name="setUp" finished-at="2024-12-23T20:57:23 IST" duration-ms="2170" status="PASS">
          <params>
            <param index="0">
              <value>
                <![CDATA[chrome]]>
              </value>
            </param>
          </params>
          <reporter-output>
          </reporter-output>
        </test-method> <!-- setUp -->
        <test-method signature="UsernameField_Displaying()[pri:1, instance:com.tests.LoginTest@5f049ea1]" started-at="2024-12-23T20:57:23 IST" name="UsernameField_Displaying" finished-at="2024-12-23T20:57:26 IST" duration-ms="3066" status="PASS">
          <reporter-output>
          </reporter-output>
        </test-method> <!-- UsernameField_Displaying -->
        <test-method is-config="true" signature="afterMethod()[pri:0, instance:com.tests.LoginTest@5f049ea1]" started-at="2024-12-23T20:57:26 IST" name="afterMethod" finished-at="2024-12-23T20:57:26 IST" duration-ms="126" status="PASS">
          <reporter-output>
          </reporter-output>
        </test-method> <!-- afterMethod -->
        <test-method is-config="true" signature="setUp(java.lang.String)[pri:0, instance:com.tests.LoginTest@5f049ea1]" started-at="2024-12-23T20:57:31 IST" name="setUp" finished-at="2024-12-23T20:57:33 IST" duration-ms="1986" status="PASS">
          <params>
            <param index="0">
              <value>
                <![CDATA[chrome]]>
              </value>
            </param>
          </params>
          <reporter-output>
          </reporter-output>
        </test-method> <!-- setUp -->
        <test-method signature="PasswordField_Displaying()[pri:2, instance:com.tests.LoginTest@5f049ea1]" started-at="2024-12-23T20:57:33 IST" name="PasswordField_Displaying" finished-at="2024-12-23T20:57:36 IST" duration-ms="3059" status="PASS">
          <reporter-output>
          </reporter-output>
        </test-method> <!-- PasswordField_Displaying -->
        <test-method is-config="true" signature="afterMethod()[pri:0, instance:com.tests.LoginTest@5f049ea1]" started-at="2024-12-23T20:57:36 IST" name="afterMethod" finished-at="2024-12-23T20:57:36 IST" duration-ms="146" status="PASS">
          <reporter-output>
          </reporter-output>
        </test-method> <!-- afterMethod -->
        <test-method is-config="true" signature="setUp(java.lang.String)[pri:0, instance:com.tests.LoginTest@5f049ea1]" started-at="2024-12-23T20:57:51 IST" name="setUp" finished-at="2024-12-23T20:57:53 IST" duration-ms="2029" status="PASS">
          <params>
            <param index="0">
              <value>
                <![CDATA[chrome]]>
              </value>
            </param>
          </params>
          <reporter-output>
          </reporter-output>
        </test-method> <!-- setUp -->
        <test-method signature="login_With_Valid_Credentials()[pri:3, instance:com.tests.LoginTest@5f049ea1]" started-at="2024-12-23T20:57:53 IST" name="login_With_Valid_Credentials" finished-at="2024-12-23T20:57:56 IST" duration-ms="2472" status="PASS">
          <reporter-output>
          </reporter-output>
        </test-method> <!-- login_With_Valid_Credentials -->
        <test-method is-config="true" signature="afterMethod()[pri:0, instance:com.tests.LoginTest@5f049ea1]" started-at="2024-12-23T20:57:56 IST" name="afterMethod" finished-at="2024-12-23T20:57:56 IST" duration-ms="128" status="PASS">
          <reporter-output>
          </reporter-output>
        </test-method> <!-- afterMethod -->
        <test-method is-config="true" signature="setUp(java.lang.String)[pri:0, instance:com.tests.LoginTest@5f049ea1]" started-at="2024-12-23T20:58:02 IST" name="setUp" finished-at="2024-12-23T20:58:04 IST" duration-ms="1995" status="PASS">
          <params>
            <param index="0">
              <value>
                <![CDATA[chrome]]>
              </value>
            </param>
          </params>
          <reporter-output>
          </reporter-output>
        </test-method> <!-- setUp -->
        <test-method signature="login_With_Invalid_Credentials()[pri:4, instance:com.tests.LoginTest@5f049ea1]" started-at="2024-12-23T20:58:04 IST" name="login_With_Invalid_Credentials" finished-at="2024-12-23T20:58:06 IST" duration-ms="1794" status="PASS">
          <reporter-output>
          </reporter-output>
        </test-method> <!-- login_With_Invalid_Credentials -->
        <test-method is-config="true" signature="afterMethod()[pri:0, instance:com.tests.LoginTest@5f049ea1]" started-at="2024-12-23T20:58:06 IST" name="afterMethod" finished-at="2024-12-23T20:58:06 IST" duration-ms="125" status="PASS">
          <reporter-output>
          </reporter-output>
        </test-method> <!-- afterMethod -->
        <test-method is-config="true" signature="setUp(java.lang.String)[pri:0, instance:com.tests.LoginTest@5f049ea1]" started-at="2024-12-23T20:58:06 IST" name="setUp" finished-at="2024-12-23T20:58:08 IST" duration-ms="2036" status="PASS">
          <params>
            <param index="0">
              <value>
                <![CDATA[chrome]]>
              </value>
            </param>
          </params>
          <reporter-output>
          </reporter-output>
        </test-method> <!-- setUp -->
        <test-method signature="Login_With_Invalid_UserName_And_Valid_Password()[pri:5, instance:com.tests.LoginTest@5f049ea1]" started-at="2024-12-23T20:58:08 IST" name="Login_With_Invalid_UserName_And_Valid_Password" finished-at="2024-12-23T20:58:10 IST" duration-ms="1748" status="PASS">
          <reporter-output>
          </reporter-output>
        </test-method> <!-- Login_With_Invalid_UserName_And_Valid_Password -->
        <test-method is-config="true" signature="afterMethod()[pri:0, instance:com.tests.LoginTest@5f049ea1]" started-at="2024-12-23T20:58:10 IST" name="afterMethod" finished-at="2024-12-23T20:58:10 IST" duration-ms="132" status="PASS">
          <reporter-output>
          </reporter-output>
        </test-method> <!-- afterMethod -->
        <test-method is-config="true" signature="setUp(java.lang.String)[pri:0, instance:com.tests.LoginTest@5f049ea1]" started-at="2024-12-23T20:58:14 IST" name="setUp" finished-at="2024-12-23T20:58:16 IST" duration-ms="1992" status="PASS">
          <params>
            <param index="0">
              <value>
                <![CDATA[chrome]]>
              </value>
            </param>
          </params>
          <reporter-output>
          </reporter-output>
        </test-method> <!-- setUp -->
        <test-method signature="Login_With_ValidUserName_And_Invalid_Password()[pri:6, instance:com.tests.LoginTest@5f049ea1]" started-at="2024-12-23T20:58:16 IST" name="Login_With_ValidUserName_And_Invalid_Password" finished-at="2024-12-23T20:58:17 IST" duration-ms="1690" status="PASS">
          <reporter-output>
          </reporter-output>
        </test-method> <!-- Login_With_ValidUserName_And_Invalid_Password -->
        <test-method is-config="true" signature="afterMethod()[pri:0, instance:com.tests.LoginTest@5f049ea1]" started-at="2024-12-23T20:58:17 IST" name="afterMethod" finished-at="2024-12-23T20:58:17 IST" duration-ms="144" status="PASS">
          <reporter-output>
          </reporter-output>
        </test-method> <!-- afterMethod -->
        <test-method is-config="true" signature="setUp(java.lang.String)[pri:0, instance:com.tests.LoginTest@5f049ea1]" started-at="2024-12-23T20:58:21 IST" name="setUp" finished-at="2024-12-23T20:58:23 IST" duration-ms="2033" status="PASS">
          <params>
            <param index="0">
              <value>
                <![CDATA[chrome]]>
              </value>
            </param>
          </params>
          <reporter-output>
          </reporter-output>
        </test-method> <!-- setUp -->
        <test-method signature="Press_login_Button_Without_Enter_Credentials_Alert()[pri:7, instance:com.tests.LoginTest@5f049ea1]" started-at="2024-12-23T20:58:23 IST" name="Press_login_Button_Without_Enter_Credentials_Alert" finished-at="2024-12-23T20:58:23 IST" duration-ms="224" status="PASS">
          <reporter-output>
          </reporter-output>
        </test-method> <!-- Press_login_Button_Without_Enter_Credentials_Alert -->
        <test-method is-config="true" signature="afterMethod()[pri:0, instance:com.tests.LoginTest@5f049ea1]" started-at="2024-12-23T20:58:23 IST" name="afterMethod" finished-at="2024-12-23T20:58:24 IST" duration-ms="196" status="PASS">
          <reporter-output>
          </reporter-output>
        </test-method> <!-- afterMethod -->
        <test-method is-config="true" signature="setUp(java.lang.String)[pri:0, instance:com.tests.LoginTest@5f049ea1]" started-at="2024-12-23T20:58:27 IST" name="setUp" finished-at="2024-12-23T20:58:29 IST" duration-ms="2047" status="PASS">
          <params>
            <param index="0">
              <value>
                <![CDATA[chrome]]>
              </value>
            </param>
          </params>
          <reporter-output>
          </reporter-output>
        </test-method> <!-- setUp -->
        <test-method signature="Press_login_Button_Without_UserName_With_Password_Alert()[pri:8, instance:com.tests.LoginTest@5f049ea1]" started-at="2024-12-23T20:58:29 IST" name="Press_login_Button_Without_UserName_With_Password_Alert" finished-at="2024-12-23T20:58:30 IST" duration-ms="500" status="PASS">
          <reporter-output>
          </reporter-output>
        </test-method> <!-- Press_login_Button_Without_UserName_With_Password_Alert -->
        <test-method is-config="true" signature="afterMethod()[pri:0, instance:com.tests.LoginTest@5f049ea1]" started-at="2024-12-23T20:58:30 IST" name="afterMethod" finished-at="2024-12-23T20:58:30 IST" duration-ms="139" status="PASS">
          <reporter-output>
          </reporter-output>
        </test-method> <!-- afterMethod -->
        <test-method is-config="true" signature="setUp(java.lang.String)[pri:0, instance:com.tests.LoginTest@5f049ea1]" started-at="2024-12-23T20:58:34 IST" name="setUp" finished-at="2024-12-23T20:58:36 IST" duration-ms="1958" status="PASS">
          <params>
            <param index="0">
              <value>
                <![CDATA[chrome]]>
              </value>
            </param>
          </params>
          <reporter-output>
          </reporter-output>
        </test-method> <!-- setUp -->
        <test-method signature="Press_login_Button_With_UserName_Without_Password_Alert()[pri:9, instance:com.tests.LoginTest@5f049ea1]" started-at="2024-12-23T20:58:36 IST" name="Press_login_Button_With_UserName_Without_Password_Alert" finished-at="2024-12-23T20:58:36 IST" duration-ms="527" status="PASS">
          <reporter-output>
          </reporter-output>
        </test-method> <!-- Press_login_Button_With_UserName_Without_Password_Alert -->
        <test-method is-config="true" signature="afterMethod()[pri:0, instance:com.tests.LoginTest@5f049ea1]" started-at="2024-12-23T20:58:36 IST" name="afterMethod" finished-at="2024-12-23T20:58:36 IST" duration-ms="134" status="PASS">
          <reporter-output>
          </reporter-output>
        </test-method> <!-- afterMethod -->
        <test-method is-config="true" signature="setUp(java.lang.String)[pri:0, instance:com.tests.LoginTest@5f049ea1]" started-at="2024-12-23T20:58:44 IST" name="setUp" finished-at="2024-12-23T20:58:46 IST" duration-ms="2105" status="PASS">
          <params>
            <param index="0">
              <value>
                <![CDATA[chrome]]>
              </value>
            </param>
          </params>
          <reporter-output>
          </reporter-output>
        </test-method> <!-- setUp -->
        <test-method signature="Press_login_Button_With_Invalid_UserName_Invalid_Password_Alert()[pri:10, instance:com.tests.LoginTest@5f049ea1]" started-at="2024-12-23T20:58:46 IST" name="Press_login_Button_With_Invalid_UserName_Invalid_Password_Alert" finished-at="2024-12-23T20:58:47 IST" duration-ms="756" status="PASS">
          <reporter-output>
          </reporter-output>
        </test-method> <!-- Press_login_Button_With_Invalid_UserName_Invalid_Password_Alert -->
        <test-method is-config="true" signature="afterMethod()[pri:0, instance:com.tests.LoginTest@5f049ea1]" started-at="2024-12-23T20:58:47 IST" name="afterMethod" finished-at="2024-12-23T20:58:47 IST" duration-ms="289" status="PASS">
          <reporter-output>
          </reporter-output>
        </test-method> <!-- afterMethod -->
        <test-method is-config="true" signature="setUp(java.lang.String)[pri:0, instance:com.tests.LoginTest@5f049ea1]" started-at="2024-12-23T20:58:47 IST" name="setUp" finished-at="2024-12-23T20:58:49 IST" duration-ms="2038" status="PASS">
          <params>
            <param index="0">
              <value>
                <![CDATA[chrome]]>
              </value>
            </param>
          </params>
          <reporter-output>
          </reporter-output>
        </test-method> <!-- setUp -->
        <test-method signature="Verify_LogOut_Button()[pri:11, instance:com.tests.LoginTest@5f049ea1]" started-at="2024-12-23T20:58:49 IST" name="Verify_LogOut_Button" finished-at="2024-12-23T20:58:57 IST" duration-ms="7876" status="PASS">
          <reporter-output>
          </reporter-output>
        </test-method> <!-- Verify_LogOut_Button -->
        <test-method is-config="true" signature="afterMethod()[pri:0, instance:com.tests.LoginTest@5f049ea1]" started-at="2024-12-23T20:58:57 IST" name="afterMethod" finished-at="2024-12-23T20:58:57 IST" duration-ms="161" status="PASS">
          <reporter-output>
          </reporter-output>
        </test-method> <!-- afterMethod -->
        <test-method is-config="true" signature="setUp(java.lang.String)[pri:0, instance:com.tests.LoginTest@5f049ea1]" started-at="2024-12-23T20:58:57 IST" name="setUp" finished-at="2024-12-23T20:58:59 IST" duration-ms="2013" status="PASS">
          <params>
            <param index="0">
              <value>
                <![CDATA[chrome]]>
              </value>
            </param>
          </params>
          <reporter-output>
          </reporter-output>
        </test-method> <!-- setUp -->
        <test-method signature="login_With_Excel_Credentials()[pri:12, instance:com.tests.LoginTest@5f049ea1]" started-at="2024-12-23T20:58:59 IST" name="login_With_Excel_Credentials" finished-at="2024-12-23T20:59:29 IST" duration-ms="30411" status="PASS">
          <reporter-output>
          </reporter-output>
        </test-method> <!-- login_With_Excel_Credentials -->
        <test-method is-config="true" signature="afterMethod()[pri:0, instance:com.tests.LoginTest@5f049ea1]" started-at="2024-12-23T20:59:29 IST" name="afterMethod" finished-at="2024-12-23T20:59:30 IST" duration-ms="149" status="PASS">
          <reporter-output>
          </reporter-output>
        </test-method> <!-- afterMethod -->
      </class> <!-- com.tests.LoginTest -->
    </test> <!-- Test1 -->
  </suite> <!-- Suite -->
</testng-results>
